c:\users\razvan\source\repos\rezervatie\rezervatie\debug\vc142.pdb
c:\users\razvan\source\repos\rezervatie\rezervatie\debug\vc142.idb
c:\users\razvan\source\repos\rezervatie\rezervatie\debug\caprioara.obj
c:\users\razvan\source\repos\rezervatie\rezervatie\debug\cvulpe.obj
c:\users\razvan\source\repos\rezervatie\rezervatie\debug\cleu.obj
c:\users\razvan\source\repos\rezervatie\rezervatie\debug\main.obj
c:\users\razvan\source\repos\rezervatie\rezervatie\debug\ciepure.obj
c:\users\razvan\source\repos\rezervatie\rezervatie\debug\canimalierbivor.obj
c:\users\razvan\source\repos\rezervatie\rezervatie\debug\canimalcarnivor.obj
c:\users\razvan\source\repos\rezervatie\rezervatie\debug\canimal.obj
c:\users\razvan\source\repos\rezervatie\debug\rezervatie.pdb
c:\users\razvan\source\repos\rezervatie\rezervatie\debug\rezervatie.tlog\cl.command.1.tlog
c:\users\razvan\source\repos\rezervatie\rezervatie\debug\rezervatie.tlog\cl.read.1.tlog
c:\users\razvan\source\repos\rezervatie\rezervatie\debug\rezervatie.tlog\cl.write.1.tlog
c:\users\razvan\source\repos\rezervatie\rezervatie\debug\rezervatie.tlog\link.11220-cvtres.read.1.tlog
c:\users\razvan\source\repos\rezervatie\rezervatie\debug\rezervatie.tlog\link.11220-cvtres.write.1.tlog
c:\users\razvan\source\repos\rezervatie\rezervatie\debug\rezervatie.tlog\link.11220-rc.read.1.tlog
c:\users\razvan\source\repos\rezervatie\rezervatie\debug\rezervatie.tlog\link.11220-rc.write.1.tlog
c:\users\razvan\source\repos\rezervatie\rezervatie\debug\rezervatie.tlog\link.11220.read.1.tlog
c:\users\razvan\source\repos\rezervatie\rezervatie\debug\rezervatie.tlog\link.11220.write.1.tlog
c:\users\razvan\source\repos\rezervatie\rezervatie\debug\rezervatie.tlog\link.command.1.tlog
c:\users\razvan\source\repos\rezervatie\rezervatie\debug\rezervatie.tlog\link.read.1.tlog
c:\users\razvan\source\repos\rezervatie\rezervatie\debug\rezervatie.tlog\link.write.1.tlog
